\BOOKMARK [0][-]{chapter.1}{\376\377\000Z\000u\000s\000a\000m\000m\000e\000n\000f\000a\000s\000s\000u\000n\000g}{}% 1
\BOOKMARK [1][-]{section.1.1}{\376\377\000N\000a\000m\000e\000\040\000d\000e\000s\000\040\000U\000n\000t\000e\000r\000n\000e\000h\000m\000e\000n\000s}{chapter.1}% 2
\BOOKMARK [1][-]{section.1.2}{\376\377\000N\000a\000m\000e\000n\000\040\000d\000e\000r\000\040\000G\000r\000\374\000n\000d\000e\000r}{chapter.1}% 3
\BOOKMARK [1][-]{section.1.3}{\376\377\000G\000e\000s\000c\000h\000\344\000f\000t\000s\000i\000d\000e\000e}{chapter.1}% 4
\BOOKMARK [1][-]{section.1.4}{\376\377\000B\000e\000s\000o\000n\000d\000e\000r\000h\000e\000i\000t\000\040\000d\000e\000r\000\040\000G\000e\000s\000c\000h\000\344\000f\000t\000s\000i\000d\000e\000e}{chapter.1}% 5
\BOOKMARK [1][-]{section.1.5}{\376\377\000Q\000u\000a\000l\000i\000f\000i\000k\000a\000t\000i\000o\000n\000e\000n\000\040\000d\000e\000r\000\040\000G\000r\000\374\000n\000d\000e\000r}{chapter.1}% 6
\BOOKMARK [1][-]{section.1.6}{\376\377\000Z\000i\000e\000l\000k\000u\000n\000d\000e\000n}{chapter.1}% 7
\BOOKMARK [1][-]{section.1.7}{\376\377\000V\000e\000r\000t\000r\000i\000e\000b\000s\000w\000e\000g}{chapter.1}% 8
\BOOKMARK [1][-]{section.1.8}{\376\377\000K\000a\000p\000i\000t\000a\000l\000b\000e\000d\000a\000r\000f}{chapter.1}% 9
\BOOKMARK [1][-]{section.1.9}{\376\377\000E\000r\000w\000a\000r\000t\000e\000t\000e\000s\000\040\000U\000m\000s\000a\000t\000z\000v\000o\000l\000u\000m\000e\000n}{chapter.1}% 10
\BOOKMARK [1][-]{section.1.10}{\376\377\000M\000i\000t\000a\000r\000b\000e\000i\000t\000e\000r\000\040\000i\000n\000\040\000d\000e\000n\000\040\000e\000r\000s\000t\000e\000n\000\040\000d\000r\000e\000i\000\040\000J\000a\000h\000r\000e\000n}{chapter.1}% 11
\BOOKMARK [1][-]{section.1.11}{\376\377\000Z\000i\000e\000l\000e}{chapter.1}% 12
\BOOKMARK [1][-]{section.1.12}{\376\377\000R\000i\000s\000i\000k\000e\000n}{chapter.1}% 13
\BOOKMARK [1][-]{section.1.13}{\376\377\000G\000e\000p\000l\000a\000n\000t\000e\000r\000\040\000S\000t\000a\000r\000t}{chapter.1}% 14
\BOOKMARK [0][-]{chapter.2}{\376\377\000G\000r\000\374\000n\000d\000e\000r\000p\000e\000r\000s\000o\000n\000\050\000e\000n\000\051}{}% 15
\BOOKMARK [1][-]{section.2.1}{\376\377\000F\000a\000c\000h\000l\000i\000c\000h\000e\000\040\000Q\000u\000a\000l\000i\000f\000i\000k\000a\000t\000i\000o\000n\000e\000n}{chapter.2}% 16
\BOOKMARK [1][-]{section.2.2}{\376\377\000B\000r\000a\000n\000c\000h\000e\000n\000k\000e\000n\000n\000t\000n\000i\000s\000s\000e}{chapter.2}% 17
\BOOKMARK [1][-]{section.2.3}{\376\377\000K\000a\000u\000f\000m\000\344\000n\000n\000i\000s\000c\000h\000e\000\040\000Q\000u\000a\000l\000i\000f\000i\000k\000a\000t\000i\000o\000n\000e\000n}{chapter.2}% 18
\BOOKMARK [1][-]{section.2.4}{\376\377\000U\000n\000t\000e\000r\000n\000e\000h\000m\000e\000r\000i\000s\000c\000h\000e\000\040\000Q\000u\000a\000l\000i\000f\000i\000k\000a\000t\000i\000o\000n\000e\000n}{chapter.2}% 19
\BOOKMARK [1][-]{section.2.5}{\376\377\000B\000r\000a\000n\000c\000h\000e\000n\000e\000r\000f\000a\000h\000r\000u\000n\000g}{chapter.2}% 20
\BOOKMARK [1][-]{section.2.6}{\376\377\000B\000e\000s\000o\000n\000d\000e\000r\000e\000\040\000S\000t\000\344\000r\000k\000e\000n}{chapter.2}% 21
\BOOKMARK [1][-]{section.2.7}{\376\377\000D\000e\000f\000i\000z\000i\000t\000e\000\040\000u\000n\000d\000\040\000A\000u\000s\000g\000l\000e\000i\000c\000h\000s\000m\000a\000\337\000n\000a\000h\000m\000e\000n}{chapter.2}% 22
\BOOKMARK [1][-]{section.2.8}{\376\377\000U\000n\000t\000e\000r\000s\000t\000\374\000t\000z\000u\000n\000g\000\040\000i\000m\000\040\000p\000r\000i\000v\000a\000t\000e\000n\000\040\000U\000m\000f\000e\000l\000d}{chapter.2}% 23
\BOOKMARK [0][-]{chapter.3}{\376\377\000G\000e\000s\000c\000h\000\344\000f\000t\000s\000i\000d\000e\000e\000:\000\040\000P\000r\000o\000d\000u\000k\000t\000/\000D\000i\000e\000n\000s\000t\000l\000e\000i\000s\000t\000u\000n\000g}{}% 24
\BOOKMARK [1][-]{section.3.1}{\376\377\000Z\000w\000e\000c\000k\000\040\000d\000e\000s\000\040\000V\000o\000r\000h\000a\000b\000e\000n\000s}{chapter.3}% 25
\BOOKMARK [1][-]{section.3.2}{\376\377\000B\000e\000s\000c\000h\000r\000e\000i\000b\000u\000n\000g\000\040\000d\000e\000s\000\040\000P\000r\000o\000d\000u\000k\000t\000s\000/\000d\000e\000r\000\040\000D\000i\000e\000n\000s\000t\000l\000e\000i\000s\000t\000u\000n\000g}{chapter.3}% 26
\BOOKMARK [1][-]{section.3.3}{\376\377\000B\000e\000s\000o\000n\000d\000e\000r\000h\000e\000i\000t\000\040\000d\000e\000r\000\040\000G\000e\000s\000c\000h\000\344\000f\000t\000s\000i\000d\000e\000e\000\040\000\050\000U\000S\000P\000\051}{chapter.3}% 27
\BOOKMARK [1][-]{section.3.4}{\376\377\000K\000u\000n\000d\000e\000n\000n\000u\000t\000z\000e\000n}{chapter.3}% 28
\BOOKMARK [1][-]{section.3.5}{\376\377\000U\000n\000t\000e\000r\000n\000e\000h\000m\000e\000n\000s\000z\000i\000e\000l\000e}{chapter.3}% 29
\BOOKMARK [2][-]{subsection.3.5.1}{\376\377\000K\000u\000r\000z\000f\000r\000i\000s\000t\000i\000g\000e\000\040\000Z\000i\000e\000l\000e\000\040\000\050\000J\000a\000h\000r\000\040\0001\000\051}{section.3.5}% 30
\BOOKMARK [2][-]{subsection.3.5.2}{\376\377\000L\000a\000n\000g\000f\000r\000i\000s\000t\000i\000g\000e\000\040\000Z\000i\000e\000l\000e\000\040\000\050\000J\000a\000h\000r\000\040\0002\040\023\0005\000\051}{section.3.5}% 31
\BOOKMARK [1][-]{section.3.6}{\376\377\000E\000n\000t\000w\000i\000c\000k\000l\000u\000n\000g\000s\000s\000t\000a\000n\000d}{chapter.3}% 32
\BOOKMARK [1][-]{section.3.7}{\376\377\000V\000o\000r\000a\000u\000s\000s\000e\000t\000z\000u\000n\000g\000e\000n\000\040\000b\000i\000s\000\040\000z\000u\000m\000\040\000S\000t\000a\000r\000t}{chapter.3}% 33
\BOOKMARK [1][-]{section.3.8}{\376\377\000P\000r\000e\000i\000s\000s\000t\000r\000a\000t\000e\000g\000i\000e}{chapter.3}% 34
\BOOKMARK [1][-]{section.3.9}{\376\377\000S\000t\000a\000r\000t\000\040\000d\000e\000r\000\040\000V\000e\000r\000m\000a\000r\000k\000t\000u\000n\000g}{chapter.3}% 35
\BOOKMARK [1][-]{section.3.10}{\376\377\000G\000e\000s\000e\000t\000z\000l\000i\000c\000h\000e\000\040\000F\000o\000r\000m\000a\000l\000i\000t\000\344\000t\000e\000n}{chapter.3}% 36
\BOOKMARK [1][-]{section.3.11}{\376\377\000P\000a\000t\000e\000n\000t\000e\000\040\000u\000n\000d\000\040\000S\000c\000h\000u\000t\000z\000r\000e\000c\000h\000t\000e}{chapter.3}% 37
\BOOKMARK [0][-]{chapter.4}{\376\377\000M\000a\000r\000k\000t\000\040\000u\000n\000d\000\040\000W\000e\000t\000t\000b\000e\000w\000e\000r\000b}{}% 38
\BOOKMARK [1][-]{section.4.1}{\376\377\000Z\000i\000e\000l\000k\000u\000n\000d\000e\000n}{chapter.4}% 39
\BOOKMARK [2][-]{subsection.4.1.1}{\376\377\000W\000e\000r\000\040\000s\000i\000n\000d\000\040\000I\000h\000r\000e\000\040\000K\000u\000n\000d\000e\000n\000?}{section.4.1}% 40
\BOOKMARK [2][-]{subsection.4.1.2}{\376\377\000W\000o\000\040\000s\000i\000n\000d\000\040\000I\000h\000r\000e\000\040\000K\000u\000n\000d\000e\000n\000?}{section.4.1}% 41
\BOOKMARK [2][-]{subsection.4.1.3}{\376\377\000K\000u\000n\000d\000e\000n\000s\000e\000g\000m\000e\000n\000t\000e}{section.4.1}% 42
\BOOKMARK [2][-]{subsection.4.1.4}{\376\377\000R\000e\000f\000e\000r\000e\000n\000z\000k\000u\000n\000d\000e\000n}{section.4.1}% 43
\BOOKMARK [2][-]{subsection.4.1.5}{\376\377\000A\000b\000h\000\344\000n\000g\000i\000g\000k\000e\000i\000t\000\040\000v\000o\000n\000\040\000G\000r\000o\000\337\000k\000u\000n\000d\000e\000n}{section.4.1}% 44
\BOOKMARK [2][-]{subsection.4.1.6}{\376\377\000K\000u\000n\000d\000e\000n\000b\000e\000d\000\374\000r\000f\000n\000i\000s\000s\000e\000\040\000u\000n\000d\000\040\000P\000r\000o\000b\000l\000e\000m\000e}{section.4.1}% 45
\BOOKMARK [2][-]{subsection.4.1.7}{\376\377\000W\000a\000r\000u\000m\000\040\000s\000o\000l\000l\000\040\000d\000e\000r\000\040\000K\000u\000n\000d\000e\000\040\000b\000e\000i\000\040\000I\000h\000n\000e\000n\000\040\000k\000a\000u\000f\000e\000n\000?}{section.4.1}% 46
\BOOKMARK [2][-]{subsection.4.1.8}{\376\377\000E\000r\000w\000a\000r\000t\000e\000t\000e\000\040\000U\000m\000s\000\344\000t\000z\000e}{section.4.1}% 47
\BOOKMARK [1][-]{section.4.2}{\376\377\000W\000e\000t\000t\000b\000e\000w\000e\000r\000b\000e\000r}{chapter.4}% 48
\BOOKMARK [2][-]{subsection.4.2.1}{\376\377\000K\000o\000n\000k\000u\000r\000r\000i\000e\000r\000e\000n\000d\000e\000\040\000E\000n\000t\000w\000i\000c\000k\000l\000u\000n\000g\000e\000n}{section.4.2}% 49
\BOOKMARK [2][-]{subsection.4.2.2}{\376\377\000P\000r\000e\000i\000s\000e\000\040\000d\000e\000r\000\040\000K\000o\000n\000k\000u\000r\000r\000e\000n\000z}{section.4.2}% 50
\BOOKMARK [2][-]{subsection.4.2.3}{\376\377\000S\000t\000\344\000r\000k\000e\000n\000\040\000u\000n\000d\000\040\000S\000c\000h\000w\000\344\000c\000h\000e\000n\000\040\000d\000e\000r\000\040\000K\000o\000n\000k\000u\000r\000r\000e\000n\000t\000e\000n}{section.4.2}% 51
\BOOKMARK [2][-]{subsection.4.2.4}{\376\377\000W\000o\000r\000i\000n\000\040\000u\000n\000t\000e\000r\000s\000c\000h\000e\000i\000d\000e\000n\000\040\000S\000i\000e\000\040\000s\000i\000c\000h\000\040\000v\000o\000n\000\040\000I\000h\000r\000e\000n\000\040\000M\000i\000t\000b\000e\000w\000e\000r\000b\000e\000r\000n\000?}{section.4.2}% 52
\BOOKMARK [2][-]{subsection.4.2.5}{\376\377\000E\000i\000g\000e\000n\000e\000\040\000S\000c\000h\000w\000\344\000c\000h\000e\000n\000\040\000g\000e\000g\000e\000n\000\374\000b\000e\000r\000\040\000K\000o\000n\000k\000u\000r\000r\000e\000n\000t\000e\000n}{section.4.2}% 53
\BOOKMARK [1][-]{section.4.3}{\376\377\000S\000t\000a\000n\000d\000o\000r\000t}{chapter.4}% 54
\BOOKMARK [2][-]{subsection.4.3.1}{\376\377\000S\000t\000a\000n\000d\000o\000r\000t\000\040\000d\000e\000s\000\040\000U\000n\000t\000e\000r\000n\000e\000h\000m\000e\000n\000s}{section.4.3}% 55
\BOOKMARK [2][-]{subsection.4.3.2}{\376\377\000B\000e\000d\000e\000u\000t\000u\000n\000g\000\040\000d\000e\000s\000\040\000S\000t\000a\000n\000d\000o\000r\000t\000s}{section.4.3}% 56
\BOOKMARK [2][-]{subsection.4.3.3}{\376\377\000V\000o\000r\000t\000e\000i\000l\000e\000\040\000d\000e\000s\000\040\000S\000t\000a\000n\000d\000o\000r\000t\000s}{section.4.3}% 57
\BOOKMARK [2][-]{subsection.4.3.4}{\376\377\000N\000a\000c\000h\000t\000e\000i\000l\000e\000\040\000d\000e\000s\000\040\000S\000t\000a\000n\000d\000o\000r\000t\000s}{section.4.3}% 58
\BOOKMARK [0][-]{chapter.5}{\376\377\000M\000a\000r\000k\000e\000t\000i\000n\000g}{}% 59
\BOOKMARK [1][-]{section.5.1}{\376\377\000A\000n\000g\000e\000b\000o\000t}{chapter.5}% 60
\BOOKMARK [2][-]{subsection.5.1.1}{\376\377\000K\000u\000n\000d\000e\000n\000n\000u\000t\000z\000e\000n}{section.5.1}% 61
\BOOKMARK [2][-]{subsection.5.1.2}{\376\377\000V\000o\000r\000t\000e\000i\000l\000e\000\040\000g\000e\000g\000e\000n\000\374\000b\000e\000r\000\040\000d\000e\000r\000\040\000K\000o\000n\000k\000u\000r\000r\000e\000n\000z}{section.5.1}% 62
\BOOKMARK [2][-]{subsection.5.1.3}{\376\377\000S\000e\000r\000v\000i\000c\000e\000l\000e\000i\000s\000t\000u\000n\000g\000e\000n}{section.5.1}% 63
\BOOKMARK [2][-]{subsection.5.1.4}{\376\377\000G\000a\000r\000a\000n\000t\000i\000e\000l\000e\000i\000s\000t\000u\000n\000g\000e\000n}{section.5.1}% 64
\BOOKMARK [1][-]{section.5.2}{\376\377\000P\000r\000e\000i\000s}{chapter.5}% 65
\BOOKMARK [2][-]{subsection.5.2.1}{\376\377\000P\000r\000e\000i\000s\000s\000t\000r\000a\000t\000e\000g\000i\000e}{section.5.2}% 66
\BOOKMARK [2][-]{subsection.5.2.2}{\376\377\000P\000r\000e\000i\000s\000g\000e\000s\000t\000a\000l\000t\000u\000n\000g}{section.5.2}% 67
\BOOKMARK [2][-]{subsection.5.2.3}{\376\377\000P\000r\000e\000i\000s\000k\000a\000l\000k\000u\000l\000a\000t\000i\000o\000n}{section.5.2}% 68
\BOOKMARK [1][-]{section.5.3}{\376\377\000V\000e\000r\000t\000r\000i\000e\000b}{chapter.5}% 69
\BOOKMARK [2][-]{subsection.5.3.1}{\376\377\000V\000e\000r\000t\000r\000i\000e\000b\000s\000k\000o\000s\000t\000e\000n}{section.5.3}% 70
\BOOKMARK [2][-]{subsection.5.3.2}{\376\377\000V\000e\000r\000t\000r\000i\000e\000b\000s\000k\000a\000n\000\344\000l\000e}{section.5.3}% 71
\BOOKMARK [2][-]{subsection.5.3.3}{\376\377\000A\000n\000g\000e\000s\000t\000r\000e\000b\000t\000e\000\040\000A\000b\000s\000a\000t\000z\000m\000e\000n\000g\000e}{section.5.3}% 72
\BOOKMARK [2][-]{subsection.5.3.4}{\376\377\000Z\000i\000e\000l\000g\000e\000b\000i\000e\000t\000e}{section.5.3}% 73
\BOOKMARK [1][-]{section.5.4}{\376\377\000W\000e\000r\000b\000u\000n\000g}{chapter.5}% 74
\BOOKMARK [2][-]{subsection.5.4.1}{\376\377\000W\000i\000e\000\040\000e\000r\000f\000a\000h\000r\000e\000n\000\040\000K\000u\000n\000d\000e\000n\000\040\000v\000o\000n\000\040\000I\000h\000r\000e\000m\000\040\000A\000n\000g\000e\000b\000o\000t\000?}{section.5.4}% 75
\BOOKMARK [2][-]{subsection.5.4.2}{\376\377\000G\000e\000p\000l\000a\000n\000t\000e\000\040\000W\000e\000r\000b\000e\000m\000a\000\337\000n\000a\000h\000m\000e\000n}{section.5.4}% 76
\BOOKMARK [2][-]{subsection.5.4.3}{\376\377\000W\000e\000r\000b\000e\000b\000u\000d\000g\000e\000t}{section.5.4}% 77
\BOOKMARK [2][-]{subsection.5.4.4}{\376\377\000M\000a\000r\000k\000e\000t\000i\000n\000g\000-\000M\000i\000x\000\040\000A\000b\000s\000t\000i\000m\000m\000u\000n\000g}{section.5.4}% 78
\BOOKMARK [0][-]{chapter.6}{\376\377\000O\000r\000g\000a\000n\000i\000s\000a\000t\000i\000o\000n\000\040\000u\000n\000d\000\040\000M\000i\000t\000a\000r\000b\000e\000i\000t\000e\000r}{}% 79
\BOOKMARK [1][-]{section.6.1}{\376\377\000G\000r\000\374\000n\000d\000e\000r\000\040\000u\000n\000d\000\040\000P\000a\000r\000t\000n\000e\000r}{chapter.6}% 80
\BOOKMARK [2][-]{subsection.6.1.1}{\376\377\000U\000n\000t\000e\000r\000n\000e\000h\000m\000e\000n\000s\000p\000r\000o\000f\000i\000l}{section.6.1}% 81
\BOOKMARK [2][-]{subsection.6.1.2}{\376\377\000U\000n\000t\000e\000r\000n\000e\000h\000m\000e\000n\000s\000p\000h\000a\000s\000e}{section.6.1}% 82
\BOOKMARK [2][-]{subsection.6.1.3}{\376\377\000A\000n\000z\000a\000h\000l\000\040\000d\000e\000r\000\040\000G\000r\000\374\000n\000d\000e\000r\000/\000P\000a\000r\000t\000n\000e\000r}{section.6.1}% 83
\BOOKMARK [2][-]{subsection.6.1.4}{\376\377\000A\000u\000f\000g\000a\000b\000e\000n\000v\000e\000r\000t\000e\000i\000l\000u\000n\000g\000\040\000/\000\040\000O\000r\000g\000a\000n\000i\000g\000r\000a\000m\000m}{section.6.1}% 84
\BOOKMARK [2][-]{subsection.6.1.5}{\376\377\000V\000e\000r\000t\000r\000e\000t\000u\000n\000g\000s\000r\000e\000g\000e\000l\000u\000n\000g}{section.6.1}% 85
\BOOKMARK [1][-]{section.6.2}{\376\377\000M\000i\000t\000a\000r\000b\000e\000i\000t\000e\000r}{chapter.6}% 86
\BOOKMARK [2][-]{subsection.6.2.1}{\376\377\000B\000e\000n\000\366\000t\000i\000g\000t\000e\000\040\000M\000i\000t\000a\000r\000b\000e\000i\000t\000e\000r}{section.6.2}% 87
\BOOKMARK [2][-]{subsection.6.2.2}{\376\377\000A\000n\000f\000o\000r\000d\000e\000r\000u\000n\000g\000s\000p\000r\000o\000f\000i\000l}{section.6.2}% 88
\BOOKMARK [2][-]{subsection.6.2.3}{\376\377\000P\000e\000r\000s\000o\000n\000a\000l\000p\000l\000a\000n\000u\000n\000g}{section.6.2}% 89
\BOOKMARK [2][-]{subsection.6.2.4}{\376\377\000S\000c\000h\000u\000l\000u\000n\000g\000s\000m\000a\000\337\000n\000a\000h\000m\000e\000n}{section.6.2}% 90
\BOOKMARK [1][-]{section.6.3}{\376\377\000B\000e\000r\000a\000t\000e\000r\000\040\000u\000n\000d\000\040\000U\000n\000t\000e\000r\000s\000t\000\374\000t\000z\000e\000r}{chapter.6}% 91
\BOOKMARK [2][-]{subsection.6.3.1}{\376\377\000U\000n\000t\000e\000r\000n\000e\000h\000m\000e\000n\000s\000b\000e\000r\000a\000t\000e\000r}{section.6.3}% 92
\BOOKMARK [2][-]{subsection.6.3.2}{\376\377\000S\000t\000e\000u\000e\000r\000b\000e\000r\000a\000t\000e\000r}{section.6.3}% 93
\BOOKMARK [2][-]{subsection.6.3.3}{\376\377\000R\000e\000c\000h\000t\000s\000a\000n\000w\000a\000l\000t}{section.6.3}% 94
\BOOKMARK [2][-]{subsection.6.3.4}{\376\377\000W\000e\000i\000t\000e\000r\000e\000\040\000U\000n\000t\000e\000r\000s\000t\000\374\000t\000z\000e\000r}{section.6.3}% 95
\BOOKMARK [1][-]{section.6.4}{\376\377\000G\000r\000\374\000n\000d\000u\000n\000g\000s\000f\000o\000r\000m\000a\000l\000i\000t\000\344\000t\000e\000n}{chapter.6}% 96
\BOOKMARK [2][-]{subsection.6.4.1}{\376\377\000G\000e\000n\000e\000h\000m\000i\000g\000u\000n\000g\000e\000n\000\040\000u\000n\000d\000\040\000A\000n\000m\000e\000l\000d\000u\000n\000g\000e\000n}{section.6.4}% 97
\BOOKMARK [2][-]{subsection.6.4.2}{\376\377\000L\000i\000z\000e\000n\000z\000e\000n\000\040\000u\000n\000d\000\040\000R\000e\000c\000h\000t\000e}{section.6.4}% 98
\BOOKMARK [2][-]{subsection.6.4.3}{\376\377\000G\000e\000p\000l\000a\000n\000t\000e\000s\000\040\000G\000r\000\374\000n\000d\000u\000n\000g\000s\000d\000a\000t\000u\000m}{section.6.4}% 99
\BOOKMARK [0][-]{chapter.7}{\376\377\000R\000e\000c\000h\000t\000s\000f\000o\000r\000m}{}% 100
\BOOKMARK [1][-]{section.7.1}{\376\377\000G\000e\000w\000\344\000h\000l\000t\000e\000\040\000R\000e\000c\000h\000t\000s\000f\000o\000r\000m}{chapter.7}% 101
\BOOKMARK [1][-]{section.7.2}{\376\377\000B\000e\000g\000r\000\374\000n\000d\000u\000n\000g\000\040\000d\000e\000r\000\040\000R\000e\000c\000h\000t\000s\000f\000o\000r\000m\000w\000a\000h\000l}{chapter.7}% 102
\BOOKMARK [2][-]{subsection.7.2.1}{\376\377\000V\000o\000r\000t\000e\000i\000l\000e\000\040\000d\000e\000r\000\040\000G\000b\000R}{section.7.2}% 103
\BOOKMARK [2][-]{subsection.7.2.2}{\376\377\000N\000a\000c\000h\000t\000e\000i\000l\000e\000\040\000d\000e\000r\000\040\000G\000b\000R}{section.7.2}% 104
\BOOKMARK [2][-]{subsection.7.2.3}{\376\377\000G\000e\000p\000l\000a\000n\000t\000e\000\040\000U\000m\000w\000a\000n\000d\000l\000u\000n\000g}{section.7.2}% 105
\BOOKMARK [1][-]{section.7.3}{\376\377\000G\000e\000s\000e\000l\000l\000s\000c\000h\000a\000f\000t\000e\000r\000a\000n\000t\000e\000i\000l\000e\000\040\000u\000n\000d\000\040\000H\000a\000f\000t\000u\000n\000g}{chapter.7}% 106
\BOOKMARK [2][-]{subsection.7.3.1}{\376\377\000G\000e\000s\000e\000l\000l\000s\000c\000h\000a\000f\000t\000e\000r\000s\000t\000r\000u\000k\000t\000u\000r}{section.7.3}% 107
\BOOKMARK [2][-]{subsection.7.3.2}{\376\377\000B\000e\000g\000r\000\374\000n\000d\000u\000n\000g\000\040\000d\000e\000r\000\040\000A\000n\000t\000e\000i\000l\000s\000v\000e\000r\000t\000e\000i\000l\000u\000n\000g}{section.7.3}% 108
\BOOKMARK [2][-]{subsection.7.3.3}{\376\377\000H\000a\000f\000t\000u\000n\000g}{section.7.3}% 109
\BOOKMARK [1][-]{section.7.4}{\376\377\000G\000e\000s\000e\000l\000l\000s\000c\000h\000a\000f\000t\000s\000v\000e\000r\000t\000r\000a\000g}{chapter.7}% 110
\BOOKMARK [2][-]{subsection.7.4.1}{\376\377\000B\000e\000r\000\374\000c\000k\000s\000i\000c\000h\000t\000i\000g\000u\000n\000g\000\040\000d\000e\000r\000\040\000G\000e\000s\000e\000l\000l\000s\000c\000h\000a\000f\000t\000e\000r\000i\000n\000t\000e\000r\000e\000s\000s\000e\000n}{section.7.4}% 111
\BOOKMARK [2][-]{subsection.7.4.2}{\376\377\000W\000e\000s\000e\000n\000t\000l\000i\000c\000h\000e\000\040\000R\000e\000g\000e\000l\000u\000n\000g\000e\000n\000\040\000i\000m\000\040\000G\000e\000s\000e\000l\000l\000s\000c\000h\000a\000f\000t\000s\000v\000e\000r\000t\000r\000a\000g}{section.7.4}% 112
\BOOKMARK [0][-]{chapter.8}{\376\377\000C\000h\000a\000n\000c\000e\000n\000\040\000u\000n\000d\000\040\000R\000i\000s\000i\000k\000e\000n}{}% 113
\BOOKMARK [1][-]{section.8.1}{\376\377\000C\000h\000a\000n\000c\000e\000n}{chapter.8}% 114
\BOOKMARK [2][-]{subsection.8.1.1}{\376\377\000D\000i\000e\000\040\000d\000r\000e\000i\000\040\000g\000r\000\366\000\337\000t\000e\000n\000\040\000C\000h\000a\000n\000c\000e\000n}{section.8.1}% 115
\BOOKMARK [2][-]{subsection.8.1.2}{\376\377\000M\000a\000r\000k\000t\000c\000h\000a\000n\000c\000e\000n}{section.8.1}% 116
\BOOKMARK [2][-]{subsection.8.1.3}{\376\377\000T\000e\000c\000h\000n\000o\000l\000o\000g\000i\000s\000c\000h\000e\000\040\000C\000h\000a\000n\000c\000e\000n}{section.8.1}% 117
\BOOKMARK [2][-]{subsection.8.1.4}{\376\377\000S\000t\000r\000a\000t\000e\000g\000i\000s\000c\000h\000e\000\040\000C\000h\000a\000n\000c\000e\000n}{section.8.1}% 118
\BOOKMARK [1][-]{section.8.2}{\376\377\000R\000i\000s\000i\000k\000e\000n}{chapter.8}% 119
\BOOKMARK [2][-]{subsection.8.2.1}{\376\377\000D\000i\000e\000\040\000d\000r\000e\000i\000\040\000g\000r\000\366\000\337\000t\000e\000n\000\040\000R\000i\000s\000i\000k\000e\000n}{section.8.2}% 120
\BOOKMARK [2][-]{subsection.8.2.2}{\376\377\000I\000n\000t\000e\000r\000n\000e\000\040\000R\000i\000s\000i\000k\000e\000n}{section.8.2}% 121
\BOOKMARK [2][-]{subsection.8.2.3}{\376\377\000E\000x\000t\000e\000r\000n\000e\000\040\000R\000i\000s\000i\000k\000e\000n}{section.8.2}% 122
\BOOKMARK [2][-]{subsection.8.2.4}{\376\377\000A\000b\000s\000i\000c\000h\000e\000r\000u\000n\000g\000\040\000g\000e\000g\000e\000n\000\040\000R\000i\000s\000i\000k\000e\000n}{section.8.2}% 123
\BOOKMARK [1][-]{section.8.3}{\376\377\000S\000W\000O\000T\000-\000A\000n\000a\000l\000y\000s\000e}{chapter.8}% 124
\BOOKMARK [2][-]{subsection.8.3.1}{\376\377\000S\000t\000\344\000r\000k\000e\000n\000\040\000\050\000S\000t\000r\000e\000n\000g\000t\000h\000s\000\051}{section.8.3}% 125
\BOOKMARK [2][-]{subsection.8.3.2}{\376\377\000S\000c\000h\000w\000\344\000c\000h\000e\000n\000\040\000\050\000W\000e\000a\000k\000n\000e\000s\000s\000e\000s\000\051}{section.8.3}% 126
\BOOKMARK [2][-]{subsection.8.3.3}{\376\377\000C\000h\000a\000n\000c\000e\000n\000\040\000\050\000O\000p\000p\000o\000r\000t\000u\000n\000i\000t\000i\000e\000s\000\051}{section.8.3}% 127
\BOOKMARK [2][-]{subsection.8.3.4}{\376\377\000R\000i\000s\000i\000k\000e\000n\000\040\000\050\000T\000h\000r\000e\000a\000t\000s\000\051}{section.8.3}% 128
\BOOKMARK [0][-]{chapter.9}{\376\377\000F\000i\000n\000a\000n\000z\000p\000l\000a\000n}{}% 129
\BOOKMARK [1][-]{section.9.1}{\376\377\000K\000a\000p\000i\000t\000a\000l\000b\000e\000d\000a\000r\000f\000s\000p\000l\000a\000n}{chapter.9}% 130
\BOOKMARK [2][-]{subsection.9.1.1}{\376\377\000E\000i\000n\000m\000a\000l\000i\000g\000e\000\040\000K\000o\000s\000t\000e\000n\000\040\000\050\000G\000r\000\374\000n\000d\000u\000n\000g\000\040\000\046\000\040\000A\000u\000s\000s\000t\000a\000t\000t\000u\000n\000g\000\051}{section.9.1}% 131
\BOOKMARK [2][-]{subsection.9.1.2}{\376\377\000L\000a\000u\000f\000e\000n\000d\000e\000\040\000K\000o\000s\000t\000e\000n\000\040\000\050\0002\0004\000\040\000M\000o\000n\000a\000t\000e\000\051}{section.9.1}% 132
\BOOKMARK [2][-]{subsection.9.1.3}{\376\377\000L\000i\000q\000u\000i\000d\000i\000t\000\344\000t\000s\000r\000e\000s\000e\000r\000v\000e}{section.9.1}% 133
\BOOKMARK [2][-]{subsection.9.1.4}{\376\377\000G\000e\000s\000a\000m\000t\000k\000a\000p\000i\000t\000a\000l\000b\000e\000d\000a\000r\000f}{section.9.1}% 134
\BOOKMARK [1][-]{section.9.2}{\376\377\000F\000i\000n\000a\000n\000z\000i\000e\000r\000u\000n\000g\000s\000p\000l\000a\000n}{chapter.9}% 135
\BOOKMARK [2][-]{subsection.9.2.1}{\376\377\000E\000i\000g\000e\000n\000k\000a\000p\000i\000t\000a\000l\000a\000n\000t\000e\000i\000l}{section.9.2}% 136
\BOOKMARK [2][-]{subsection.9.2.2}{\376\377\000F\000r\000e\000m\000d\000k\000a\000p\000i\000t\000a\000l\000b\000e\000d\000a\000r\000f}{section.9.2}% 137
\BOOKMARK [2][-]{subsection.9.2.3}{\376\377\000F\000\366\000r\000d\000e\000r\000p\000r\000o\000g\000r\000a\000m\000m\000e}{section.9.2}% 138
\BOOKMARK [2][-]{subsection.9.2.4}{\376\377\000B\000e\000t\000e\000i\000l\000i\000g\000u\000n\000g\000s\000k\000a\000p\000i\000t\000a\000l\000g\000e\000b\000e\000r}{section.9.2}% 139
\BOOKMARK [2][-]{subsection.9.2.5}{\376\377\000L\000e\000a\000s\000i\000n\000g\000-\000O\000p\000t\000i\000o\000n\000e\000n}{section.9.2}% 140
\BOOKMARK [1][-]{section.9.3}{\376\377\000S\000i\000c\000h\000e\000r\000h\000e\000i\000t\000e\000n}{chapter.9}% 141
\BOOKMARK [1][-]{section.9.4}{\376\377\000L\000i\000q\000u\000i\000d\000i\000t\000\344\000t\000s\000p\000l\000a\000n}{chapter.9}% 142
\BOOKMARK [2][-]{subsection.9.4.1}{\376\377\000M\000o\000n\000a\000t\000l\000i\000c\000h\000e\000\040\000E\000i\000n\000z\000a\000h\000l\000u\000n\000g\000e\000n\000\040\000\050\0003\000-\000J\000a\000h\000r\000e\000s\000-\000P\000r\000o\000g\000n\000o\000s\000e\000\051}{section.9.4}% 143
\BOOKMARK [2][-]{subsection.9.4.2}{\376\377\000M\000o\000n\000a\000t\000l\000i\000c\000h\000e\000\040\000K\000o\000s\000t\000e\000n}{section.9.4}% 144
\BOOKMARK [2][-]{subsection.9.4.3}{\376\377\000I\000n\000v\000e\000s\000t\000i\000t\000i\000o\000n\000s\000k\000o\000s\000t\000e\000n\000\040\000\050\000e\000r\000s\000t\000e\000\040\0001\0002\000\040\000M\000o\000n\000a\000t\000e\000\051}{section.9.4}% 145
\BOOKMARK [2][-]{subsection.9.4.4}{\376\377\000K\000a\000p\000i\000t\000a\000l\000d\000i\000e\000n\000s\000t\000\040\000\050\000T\000i\000l\000g\000u\000n\000g\000\040\000u\000n\000d\000\040\000Z\000i\000n\000s\000e\000n\000\051}{section.9.4}% 146
\BOOKMARK [2][-]{subsection.9.4.5}{\376\377\000L\000i\000q\000u\000i\000d\000i\000t\000\344\000t\000s\000r\000e\000s\000e\000r\000v\000e}{section.9.4}% 147
\BOOKMARK [1][-]{section.9.5}{\376\377\000E\000r\000t\000r\000a\000g\000s\000v\000o\000r\000s\000c\000h\000a\000u\000\040\000/\000\040\000R\000e\000n\000t\000a\000b\000i\000l\000i\000t\000\344\000t\000s\000v\000o\000r\000s\000c\000h\000a\000u}{chapter.9}% 148
\BOOKMARK [2][-]{subsection.9.5.1}{\376\377\000U\000m\000s\000a\000t\000z\000p\000r\000o\000g\000n\000o\000s\000e\000\040\000\050\0003\000\040\000J\000a\000h\000r\000e\000\051}{section.9.5}% 149
\BOOKMARK [2][-]{subsection.9.5.2}{\376\377\000K\000o\000s\000t\000e\000n\000p\000r\000o\000g\000n\000o\000s\000e\000\040\000\050\0003\000\040\000J\000a\000h\000r\000e\000\051}{section.9.5}% 150
\BOOKMARK [2][-]{subsection.9.5.3}{\376\377\000G\000e\000w\000i\000n\000n\000p\000r\000o\000g\000n\000o\000s\000e\000\040\000\050\0003\000\040\000J\000a\000h\000r\000e\000\051}{section.9.5}% 151
\BOOKMARK [2][-]{subsection.9.5.4}{\376\377\000B\000r\000e\000a\000k\000-\000E\000v\000e\000n\000-\000A\000n\000a\000l\000y\000s\000e}{section.9.5}% 152
\BOOKMARK [1][-]{section.9.6}{\376\377\000F\000i\000n\000a\000n\000z\000i\000e\000r\000u\000n\000g\000s\000w\000i\000s\000s\000e\000n}{chapter.9}% 153
